This file contains any messages produced by compilers while
running configure, to aid debugging if configure makes a mistake.

It was created by speexdsp configure 1.2rc3, which was
generated by GNU Autoconf 2.69.  Invocation command line was

  $ ./configure --prefix=/f/git/Rack/dep/.

## --------- ##
## Platform. ##
## --------- ##

hostname = TERA
uname -m = x86_64
uname -r = 2.10.0(0.325/5/3)
uname -s = MINGW64_NT-10.0
uname -v = 2018-02-09 15:25

/usr/bin/uname -p = unknown
/bin/uname -X     = unknown

/bin/arch              = x86_64
/usr/bin/arch -k       = unknown
/usr/convex/getsysinfo = unknown
/usr/bin/hostinfo      = unknown
/bin/machine           = unknown
/usr/bin/oslevel       = unknown
/bin/universe          = unknown

PATH: /mingw64/bin
PATH: /usr/local/bin
PATH: /usr/bin
PATH: /bin
PATH: /c/Windows/System32
PATH: /c/Windows
PATH: /c/Windows/System32/Wbem
PATH: /c/Windows/System32/WindowsPowerShell/v1.0/


## ----------- ##
## Core tests. ##
## ----------- ##

configure:2370: loading site script /mingw64/etc/config.site
| # This file is in public domain.
| # Original author: Karlson2k (Evgeny Grin)
| # Written for MSys2/MinGW64 to help running 'configure' scripts
| 
| # Defaults for MinGW64-targeted programs
| 
| # Set proper selfname on bash and fallback to default name on other shells
| test -n "${BASH_SOURCE}" 2>/dev/null && config_site_me="${BASH_SOURCE[0]##*/}" || config_site_me=config.site
| 
| # Set default 'host' to speedup configure
| if test -z "$build_alias"; then
|   build_alias="${MSYSTEM_CHOST-x86_64-w64-mingw32}" && \
|     $as_echo "$config_site_me:${as_lineno-$LINENO}: default build_alias set to $build_alias" >&5 
| fi
| 
| # Set default 'prefix' to "/mingw64"
| if ( test -z "$prefix" || test "x$prefix" = "xNONE" ) && \
|    ( test -z "$exec_prefix" || test "x$exec_prefix" = "xNONE" ); then
|   prefix="${MSYSTEM_PREFIX-/mingw64}" && \
|     $as_echo "$config_site_me:${as_lineno-$LINENO}: default prefix set to $prefix" >&5
| fi
config.site:13: default build_alias set to x86_64-w64-mingw32
configure:2481: checking whether make supports nested variables
configure:2498: result: yes
configure:2565: checking for a BSD-compatible install
configure:2633: result: /usr/bin/install -c
configure:2644: checking whether build environment is sane
configure:2699: result: yes
configure:2850: checking for a thread-safe mkdir -p
configure:2889: result: /usr/bin/mkdir -p
configure:2896: checking for gawk
configure:2912: found /usr/bin/gawk
configure:2923: result: gawk
configure:2934: checking whether make sets $(MAKE)
configure:2956: result: yes
configure:3081: checking whether to enable maintainer-specific portions of Makefiles
configure:3090: result: yes
configure:3108: checking build system type
configure:3122: result: x86_64-w64-mingw32
configure:3142: checking host system type
configure:3155: result: x86_64-w64-mingw32
configure:3222: checking for as
configure:3238: found /mingw64/bin/as
configure:3249: result: as
configure:3314: checking for dlltool
configure:3330: found /mingw64/bin/dlltool
configure:3341: result: dlltool
configure:3406: checking for objdump
configure:3422: found /mingw64/bin/objdump
configure:3433: result: objdump
configure:3524: checking how to print strings
configure:3551: result: printf
configure:3584: checking for style of include used by make
configure:3612: result: GNU
configure:3683: checking for gcc
configure:3699: found /mingw64/bin/gcc
configure:3710: result: gcc
configure:3939: checking for C compiler version
configure:3948: gcc --version >&5
gcc.exe (Rev2, Built by MSYS2 project) 7.3.0
Copyright (C) 2017 Free Software Foundation, Inc.
This is free software; see the source for copying conditions.  There is NO
warranty; not even for MERCHANTABILITY or FITNESS FOR A PARTICULAR PURPOSE.

configure:3959: $? = 0
configure:3948: gcc -v >&5
Using built-in specs.
COLLECT_GCC=C:\msys64\mingw64\bin\gcc.exe
COLLECT_LTO_WRAPPER=C:/msys64/mingw64/bin/../lib/gcc/x86_64-w64-mingw32/7.3.0/lto-wrapper.exe
Target: x86_64-w64-mingw32
Configured with: ../gcc-7.3.0/configure --prefix=/mingw64 --with-local-prefix=/mingw64/local --build=x86_64-w64-mingw32 --host=x86_64-w64-mingw32 --target=x86_64-w64-mingw32 --with-native-system-header-dir=/mingw64/x86_64-w64-mingw32/include --libexecdir=/mingw64/lib --enable-bootstrap --with-arch=x86-64 --with-tune=generic --enable-languages=c,lto,c++,objc,obj-c++,fortran,ada --enable-shared --enable-static --enable-libatomic --enable-threads=posix --enable-graphite --enable-fully-dynamic-string --enable-libstdcxx-time=yes --enable-libstdcxx-filesystem-ts=yes --disable-libstdcxx-pch --disable-libstdcxx-debug --disable-isl-version-check --enable-lto --enable-libgomp --disable-multilib --enable-checking=release --disable-rpath --disable-win32-registry --disable-nls --disable-werror --disable-symvers --with-libiconv --with-system-zlib --with-gmp=/mingw64 --with-mpfr=/mingw64 --with-mpc=/mingw64 --with-isl=/mingw64 --with-pkgversion='Rev2, Built by MSYS2 project' --with-bugurl=https://sourceforge.net/projects/msys2 --with-gnu-as --with-gnu-ld
Thread model: posix
gcc version 7.3.0 (Rev2, Built by MSYS2 project) 
configure:3959: $? = 0
configure:3948: gcc -V >&5
gcc.exe: error: unrecognized command line option '-V'
gcc.exe: fatal error: no input files
compilation terminated.
configure:3959: $? = 1
configure:3948: gcc -qversion >&5
gcc.exe: error: unrecognized command line option '-qversion'; did you mean '--version'?
gcc.exe: fatal error: no input files
compilation terminated.
configure:3959: $? = 1
configure:3979: checking whether the C compiler works
configure:4001: gcc -g -O3 -march=nocona   conftest.c  >&5
configure:4005: $? = 0
configure:4053: result: yes
configure:4056: checking for C compiler default output file name
configure:4058: result: a.exe
configure:4064: checking for suffix of executables
configure:4071: gcc -o conftest.exe -g -O3 -march=nocona   conftest.c  >&5
configure:4075: $? = 0
configure:4097: result: .exe
configure:4119: checking whether we are cross compiling
configure:4127: gcc -o conftest.exe -g -O3 -march=nocona   conftest.c  >&5
configure:4131: $? = 0
configure:4138: ./conftest.exe
configure:4142: $? = 0
configure:4157: result: no
configure:4162: checking for suffix of object files
configure:4184: gcc -c -g -O3 -march=nocona  conftest.c >&5
configure:4188: $? = 0
configure:4209: result: o
configure:4213: checking whether we are using the GNU C compiler
configure:4232: gcc -c -g -O3 -march=nocona  conftest.c >&5
configure:4232: $? = 0
configure:4241: result: yes
configure:4250: checking whether gcc accepts -g
configure:4270: gcc -c -g  conftest.c >&5
configure:4270: $? = 0
configure:4311: result: yes
configure:4328: checking for gcc option to accept ISO C89
configure:4391: gcc  -c -g -O3 -march=nocona  conftest.c >&5
configure:4391: $? = 0
configure:4404: result: none needed
configure:4429: checking whether gcc understands -c and -o together
configure:4451: gcc -c conftest.c -o conftest2.o
configure:4454: $? = 0
configure:4451: gcc -c conftest.c -o conftest2.o
configure:4454: $? = 0
configure:4466: result: yes
configure:4485: checking dependency style of gcc
configure:4596: result: gcc3
configure:4611: checking for a sed that does not truncate output
configure:4675: result: /usr/bin/sed
configure:4693: checking for grep that handles long lines and -e
configure:4751: result: /usr/bin/grep
configure:4756: checking for egrep
configure:4818: result: /usr/bin/grep -E
configure:4823: checking for fgrep
configure:4885: result: /usr/bin/grep -F
configure:4920: checking for ld used by gcc
configure:4987: result: C:/msys64/mingw64/x86_64-w64-mingw32/bin/ld.exe
configure:4994: checking if the linker (C:/msys64/mingw64/x86_64-w64-mingw32/bin/ld.exe) is GNU ld
configure:5009: result: yes
configure:5021: checking for BSD- or MS-compatible name lister (nm)
configure:5075: result: /mingw64/bin/nm -B
configure:5205: checking the name lister (/mingw64/bin/nm -B) interface
configure:5212: gcc -c -g -O3 -march=nocona  conftest.c >&5
configure:5215: /mingw64/bin/nm -B "conftest.o"
configure:5218: output
0000000000000000 b .bss
0000000000000000 d .data
0000000000000000 N .debug_abbrev
0000000000000000 N .debug_aranges
0000000000000000 N .debug_info
0000000000000000 N .debug_line
0000000000000000 r .rdata$zzz
0000000000000000 t .text
0000000000000000 B some_variable
configure:5225: result: BSD nm
configure:5228: checking whether ln -s works
configure:5235: result: no, using cp -pR
configure:5240: checking the maximum length of command line arguments
configure:5371: result: 8192
configure:5419: checking how to convert x86_64-w64-mingw32 file names to x86_64-w64-mingw32 format
configure:5459: result: func_convert_file_msys_to_w32
configure:5466: checking how to convert x86_64-w64-mingw32 file names to toolchain format
configure:5486: result: func_convert_file_msys_to_w32
configure:5493: checking for C:/msys64/mingw64/x86_64-w64-mingw32/bin/ld.exe option to reload object files
configure:5500: result: -r
configure:5574: checking for objdump
configure:5601: result: objdump
configure:5630: checking how to recognize dependent libraries
configure:5830: result: file_magic ^x86 archive import|^x86 DLL
configure:5915: checking for dlltool
configure:5942: result: dlltool
configure:5972: checking how to associate runtime and link libraries
configure:5999: result: func_cygming_dll_for_implib
configure:6060: checking for ar
configure:6076: found /mingw64/bin/ar
configure:6087: result: ar
configure:6140: checking for archiver @FILE support
configure:6157: gcc -c -g -O3 -march=nocona  conftest.c >&5
configure:6157: $? = 0
configure:6160: ar cr libconftest.a @conftest.lst >&5
configure:6163: $? = 0
configure:6168: ar cr libconftest.a @conftest.lst >&5
C:\msys64\mingw64\bin\ar.exe: conftest.o: No such file or directory
configure:6171: $? = 1
configure:6183: result: @
configure:6241: checking for strip
configure:6257: found /mingw64/bin/strip
configure:6268: result: strip
configure:6340: checking for ranlib
configure:6356: found /mingw64/bin/ranlib
configure:6367: result: ranlib
configure:6469: checking command to parse /mingw64/bin/nm -B output from gcc object
configure:6622: gcc -c -g -O3 -march=nocona  conftest.c >&5
configure:6625: $? = 0
configure:6629: /mingw64/bin/nm -B conftest.o \| sed -n -e 's/^.*[ ]\([ABCDGIRSTW][ABCDGIRSTW]*\)[ ][ ]*\([_A-Za-z][_A-Za-z0-9]*\)\{0,1\}$/\1 \2 \2/p' | sed '/ __gnu_lto/d' \> conftest.nm
configure:6632: $? = 0
configure:6698: gcc -o conftest.exe -g -O3 -march=nocona   conftest.c conftstm.o >&5
configure:6701: $? = 0
configure:6739: result: ok
configure:6786: checking for sysroot
configure:6816: result: no
configure:6823: checking for a working dd
configure:6861: result: /usr/bin/dd
configure:6865: checking how to truncate binary pipes
configure:6880: result: /usr/bin/dd bs=4096 count=1
configure:7209: checking for mt
configure:7239: result: no
configure:7259: checking if : is a manifest tool
configure:7265: : '-?'
configure:7273: result: no
configure:7950: checking how to run the C preprocessor
configure:7981: gcc -E  conftest.c
configure:7981: $? = 0
configure:7995: gcc -E  conftest.c
conftest.c:9:10: fatal error: ac_nonexistent.h: No such file or directory
 #include <ac_nonexistent.h>
          ^~~~~~~~~~~~~~~~~~
compilation terminated.
configure:7995: $? = 1
configure: failed program was:
| /* confdefs.h */
| #define PACKAGE_NAME "speexdsp"
| #define PACKAGE_TARNAME "speexdsp"
| #define PACKAGE_VERSION "1.2rc3"
| #define PACKAGE_STRING "speexdsp 1.2rc3"
| #define PACKAGE_BUGREPORT "speex-dev@xiph.org"
| #define PACKAGE_URL ""
| /* end confdefs.h.  */
| #include <ac_nonexistent.h>
configure:8020: result: gcc -E
configure:8040: gcc -E  conftest.c
configure:8040: $? = 0
configure:8054: gcc -E  conftest.c
conftest.c:9:10: fatal error: ac_nonexistent.h: No such file or directory
 #include <ac_nonexistent.h>
          ^~~~~~~~~~~~~~~~~~
compilation terminated.
configure:8054: $? = 1
configure: failed program was:
| /* confdefs.h */
| #define PACKAGE_NAME "speexdsp"
| #define PACKAGE_TARNAME "speexdsp"
| #define PACKAGE_VERSION "1.2rc3"
| #define PACKAGE_STRING "speexdsp 1.2rc3"
| #define PACKAGE_BUGREPORT "speex-dev@xiph.org"
| #define PACKAGE_URL ""
| /* end confdefs.h.  */
| #include <ac_nonexistent.h>
configure:8083: checking for ANSI C header files
configure:8103: gcc -c -g -O3 -march=nocona  conftest.c >&5
configure:8103: $? = 0
configure:8176: gcc -o conftest.exe -g -O3 -march=nocona   conftest.c  >&5
configure:8176: $? = 0
configure:8176: ./conftest.exe
configure:8176: $? = 0
configure:8187: result: yes
configure:8200: checking for sys/types.h
configure:8200: gcc -c -g -O3 -march=nocona  conftest.c >&5
configure:8200: $? = 0
configure:8200: result: yes
configure:8200: checking for sys/stat.h
configure:8200: gcc -c -g -O3 -march=nocona  conftest.c >&5
configure:8200: $? = 0
configure:8200: result: yes
configure:8200: checking for stdlib.h
configure:8200: gcc -c -g -O3 -march=nocona  conftest.c >&5
configure:8200: $? = 0
configure:8200: result: yes
configure:8200: checking for string.h
configure:8200: gcc -c -g -O3 -march=nocona  conftest.c >&5
configure:8200: $? = 0
configure:8200: result: yes
configure:8200: checking for memory.h
configure:8200: gcc -c -g -O3 -march=nocona  conftest.c >&5
configure:8200: $? = 0
configure:8200: result: yes
configure:8200: checking for strings.h
configure:8200: gcc -c -g -O3 -march=nocona  conftest.c >&5
configure:8200: $? = 0
configure:8200: result: yes
configure:8200: checking for inttypes.h
configure:8200: gcc -c -g -O3 -march=nocona  conftest.c >&5
configure:8200: $? = 0
configure:8200: result: yes
configure:8200: checking for stdint.h
configure:8200: gcc -c -g -O3 -march=nocona  conftest.c >&5
configure:8200: $? = 0
configure:8200: result: yes
configure:8200: checking for unistd.h
configure:8200: gcc -c -g -O3 -march=nocona  conftest.c >&5
configure:8200: $? = 0
configure:8200: result: yes
configure:8214: checking for dlfcn.h
configure:8214: gcc -c -g -O3 -march=nocona  conftest.c >&5
conftest.c:53:10: fatal error: dlfcn.h: No such file or directory
 #include <dlfcn.h>
          ^~~~~~~~~
compilation terminated.
configure:8214: $? = 1
configure: failed program was:
| /* confdefs.h */
| #define PACKAGE_NAME "speexdsp"
| #define PACKAGE_TARNAME "speexdsp"
| #define PACKAGE_VERSION "1.2rc3"
| #define PACKAGE_STRING "speexdsp 1.2rc3"
| #define PACKAGE_BUGREPORT "speex-dev@xiph.org"
| #define PACKAGE_URL ""
| #define STDC_HEADERS 1
| #define HAVE_SYS_TYPES_H 1
| #define HAVE_SYS_STAT_H 1
| #define HAVE_STDLIB_H 1
| #define HAVE_STRING_H 1
| #define HAVE_MEMORY_H 1
| #define HAVE_STRINGS_H 1
| #define HAVE_INTTYPES_H 1
| #define HAVE_STDINT_H 1
| #define HAVE_UNISTD_H 1
| /* end confdefs.h.  */
| #include <stdio.h>
| #ifdef HAVE_SYS_TYPES_H
| # include <sys/types.h>
| #endif
| #ifdef HAVE_SYS_STAT_H
| # include <sys/stat.h>
| #endif
| #ifdef STDC_HEADERS
| # include <stdlib.h>
| # include <stddef.h>
| #else
| # ifdef HAVE_STDLIB_H
| #  include <stdlib.h>
| # endif
| #endif
| #ifdef HAVE_STRING_H
| # if !defined STDC_HEADERS && defined HAVE_MEMORY_H
| #  include <memory.h>
| # endif
| # include <string.h>
| #endif
| #ifdef HAVE_STRINGS_H
| # include <strings.h>
| #endif
| #ifdef HAVE_INTTYPES_H
| # include <inttypes.h>
| #endif
| #ifdef HAVE_STDINT_H
| # include <stdint.h>
| #endif
| #ifdef HAVE_UNISTD_H
| # include <unistd.h>
| #endif
| 
| #include <dlfcn.h>
configure:8214: result: no
configure:8468: checking for objdir
configure:8483: result: .libs
configure:8747: checking if gcc supports -fno-rtti -fno-exceptions
configure:8765: gcc -c -g -O3 -march=nocona  -fno-rtti -fno-exceptions conftest.c >&5
cc1.exe: warning: command line option '-fno-rtti' is valid for C++/ObjC++ but not for C
configure:8769: $? = 0
configure:8782: result: no
configure:9140: checking for gcc option to produce PIC
configure:9147: result: -DDLL_EXPORT -DPIC
configure:9155: checking if gcc PIC flag -DDLL_EXPORT -DPIC works
configure:9173: gcc -c -g -O3 -march=nocona  -DDLL_EXPORT -DPIC -DPIC conftest.c >&5
configure:9177: $? = 0
configure:9190: result: yes
configure:9219: checking if gcc static flag -static works
configure:9247: result: yes
configure:9262: checking if gcc supports -c -o file.o
configure:9283: gcc -c -g -O3 -march=nocona  -o out/conftest2.o conftest.c >&5
configure:9287: $? = 0
configure:9309: result: yes
configure:9317: checking if gcc supports -c -o file.o
configure:9364: result: yes
configure:9397: checking whether the gcc linker (C:/msys64/mingw64/x86_64-w64-mingw32/bin/ld.exe) supports shared libraries
configure:10658: result: yes
configure:10695: checking whether -lc should be explicitly linked in
configure:10703: gcc -c -g -O3 -march=nocona  conftest.c >&5
configure:10706: $? = 0
configure:10721: gcc -shared conftest.o  -v -o ./conftest -Wl,--enable-auto-image-base -Xlinker --out-implib -Xlinker conftest 2\>\&1 \| /usr/bin/grep  -lc  \>/dev/null 2\>\&1
configure:10724: $? = 1
configure:10738: result: yes
configure:10898: checking dynamic linker characteristics
configure:11716: result: Win32 ld.exe
configure:11838: checking how to hardcode library paths into programs
configure:11863: result: immediate
configure:12411: checking whether stripping libraries is possible
configure:12420: result: yes
configure:12462: checking if libtool supports shared libraries
configure:12464: result: yes
configure:12467: checking whether to build shared libraries
configure:12492: result: yes
configure:12495: checking whether to build static libraries
configure:12499: result: yes
configure:12537: checking whether byte ordering is bigendian
configure:12552: gcc -c -g -O3 -march=nocona  conftest.c >&5
conftest.c:21:9: error: unknown type name 'not'
         not a universal capable compiler
         ^~~
conftest.c:21:15: error: expected '=', ',', ';', 'asm' or '__attribute__' before 'universal'
         not a universal capable compiler
               ^~~~~~~~~
conftest.c:21:15: error: unknown type name 'universal'
configure:12552: $? = 1
configure: failed program was:
| /* confdefs.h */
| #define PACKAGE_NAME "speexdsp"
| #define PACKAGE_TARNAME "speexdsp"
| #define PACKAGE_VERSION "1.2rc3"
| #define PACKAGE_STRING "speexdsp 1.2rc3"
| #define PACKAGE_BUGREPORT "speex-dev@xiph.org"
| #define PACKAGE_URL ""
| #define STDC_HEADERS 1
| #define HAVE_SYS_TYPES_H 1
| #define HAVE_SYS_STAT_H 1
| #define HAVE_STDLIB_H 1
| #define HAVE_STRING_H 1
| #define HAVE_MEMORY_H 1
| #define HAVE_STRINGS_H 1
| #define HAVE_INTTYPES_H 1
| #define HAVE_STDINT_H 1
| #define HAVE_UNISTD_H 1
| #define LT_OBJDIR ".libs/"
| /* end confdefs.h.  */
| #ifndef __APPLE_CC__
| 	       not a universal capable compiler
| 	     #endif
| 	     typedef int dummy;
| 
configure:12597: gcc -c -g -O3 -march=nocona  conftest.c >&5
configure:12597: $? = 0
configure:12615: gcc -c -g -O3 -march=nocona  conftest.c >&5
conftest.c: In function 'main':
conftest.c:27:4: error: unknown type name 'not'; did you mean 'ino_t'?
    not big endian
    ^~~
    ino_t
conftest.c:27:12: error: expected '=', ',', ';', 'asm' or '__attribute__' before 'endian'
    not big endian
            ^~~~~~
configure:12615: $? = 1
configure: failed program was:
| /* confdefs.h */
| #define PACKAGE_NAME "speexdsp"
| #define PACKAGE_TARNAME "speexdsp"
| #define PACKAGE_VERSION "1.2rc3"
| #define PACKAGE_STRING "speexdsp 1.2rc3"
| #define PACKAGE_BUGREPORT "speex-dev@xiph.org"
| #define PACKAGE_URL ""
| #define STDC_HEADERS 1
| #define HAVE_SYS_TYPES_H 1
| #define HAVE_SYS_STAT_H 1
| #define HAVE_STDLIB_H 1
| #define HAVE_STRING_H 1
| #define HAVE_MEMORY_H 1
| #define HAVE_STRINGS_H 1
| #define HAVE_INTTYPES_H 1
| #define HAVE_STDINT_H 1
| #define HAVE_UNISTD_H 1
| #define LT_OBJDIR ".libs/"
| /* end confdefs.h.  */
| #include <sys/types.h>
| 		#include <sys/param.h>
| 
| int
| main ()
| {
| #if BYTE_ORDER != BIG_ENDIAN
| 		 not big endian
| 		#endif
| 
|   ;
|   return 0;
| }
configure:12743: result: no
configure:12761: checking for an ANSI C-conforming const
configure:12827: gcc -c -g -O3 -march=nocona  conftest.c >&5
configure:12827: $? = 0
configure:12834: result: yes
configure:12842: checking for inline
configure:12858: gcc -c -g -O3 -march=nocona  conftest.c >&5
configure:12858: $? = 0
configure:12866: result: inline
configure:12884: checking for C/C++ restrict keyword
configure:12909: gcc -c -g -O3 -march=nocona  conftest.c >&5
configure:12909: $? = 0
configure:12917: result: __restrict
configure:12932: checking for C99 variable-size arrays
configure:12949: gcc -c -g -O3 -march=nocona  conftest.c >&5
configure:12949: $? = 0
configure:12959: result: yes
configure:12965: checking alloca.h usability
configure:12965: gcc -c -g -O3 -march=nocona  conftest.c >&5
conftest.c:55:10: fatal error: alloca.h: No such file or directory
 #include <alloca.h>
          ^~~~~~~~~~
compilation terminated.
configure:12965: $? = 1
configure: failed program was:
| /* confdefs.h */
| #define PACKAGE_NAME "speexdsp"
| #define PACKAGE_TARNAME "speexdsp"
| #define PACKAGE_VERSION "1.2rc3"
| #define PACKAGE_STRING "speexdsp 1.2rc3"
| #define PACKAGE_BUGREPORT "speex-dev@xiph.org"
| #define PACKAGE_URL ""
| #define STDC_HEADERS 1
| #define HAVE_SYS_TYPES_H 1
| #define HAVE_SYS_STAT_H 1
| #define HAVE_STDLIB_H 1
| #define HAVE_STRING_H 1
| #define HAVE_MEMORY_H 1
| #define HAVE_STRINGS_H 1
| #define HAVE_INTTYPES_H 1
| #define HAVE_STDINT_H 1
| #define HAVE_UNISTD_H 1
| #define LT_OBJDIR ".libs/"
| #define restrict __restrict
| #define VAR_ARRAYS /**/
| /* end confdefs.h.  */
| #include <stdio.h>
| #ifdef HAVE_SYS_TYPES_H
| # include <sys/types.h>
| #endif
| #ifdef HAVE_SYS_STAT_H
| # include <sys/stat.h>
| #endif
| #ifdef STDC_HEADERS
| # include <stdlib.h>
| # include <stddef.h>
| #else
| # ifdef HAVE_STDLIB_H
| #  include <stdlib.h>
| # endif
| #endif
| #ifdef HAVE_STRING_H
| # if !defined STDC_HEADERS && defined HAVE_MEMORY_H
| #  include <memory.h>
| # endif
| # include <string.h>
| #endif
| #ifdef HAVE_STRINGS_H
| # include <strings.h>
| #endif
| #ifdef HAVE_INTTYPES_H
| # include <inttypes.h>
| #endif
| #ifdef HAVE_STDINT_H
| # include <stdint.h>
| #endif
| #ifdef HAVE_UNISTD_H
| # include <unistd.h>
| #endif
| #include <alloca.h>
configure:12965: result: no
configure:12965: checking alloca.h presence
configure:12965: gcc -E  conftest.c
conftest.c:22:10: fatal error: alloca.h: No such file or directory
 #include <alloca.h>
          ^~~~~~~~~~
compilation terminated.
configure:12965: $? = 1
configure: failed program was:
| /* confdefs.h */
| #define PACKAGE_NAME "speexdsp"
| #define PACKAGE_TARNAME "speexdsp"
| #define PACKAGE_VERSION "1.2rc3"
| #define PACKAGE_STRING "speexdsp 1.2rc3"
| #define PACKAGE_BUGREPORT "speex-dev@xiph.org"
| #define PACKAGE_URL ""
| #define STDC_HEADERS 1
| #define HAVE_SYS_TYPES_H 1
| #define HAVE_SYS_STAT_H 1
| #define HAVE_STDLIB_H 1
| #define HAVE_STRING_H 1
| #define HAVE_MEMORY_H 1
| #define HAVE_STRINGS_H 1
| #define HAVE_INTTYPES_H 1
| #define HAVE_STDINT_H 1
| #define HAVE_UNISTD_H 1
| #define LT_OBJDIR ".libs/"
| #define restrict __restrict
| #define VAR_ARRAYS /**/
| /* end confdefs.h.  */
| #include <alloca.h>
configure:12965: result: no
configure:12965: checking for alloca.h
configure:12965: result: no
configure:12965: checking getopt.h usability
configure:12965: gcc -c -g -O3 -march=nocona  conftest.c >&5
configure:12965: $? = 0
configure:12965: result: yes
configure:12965: checking getopt.h presence
configure:12965: gcc -E  conftest.c
configure:12965: $? = 0
configure:12965: result: yes
configure:12965: checking for getopt.h
configure:12965: result: yes
configure:12975: checking for alloca
configure:12996: gcc -c -g -O3 -march=nocona  conftest.c >&5
configure:12996: $? = 0
configure:13010: result: yes
configure:13013: checking for SSE in current arch/CFLAGS
configure:13032: gcc -o conftest.exe -g -O3 -march=nocona   conftest.c  >&5
configure:13032: $? = 0
configure:13044: result: yes
configure:13047: checking for SSE2 in current arch/CFLAGS
configure:13066: gcc -o conftest.exe -g -O3 -march=nocona   conftest.c  >&5
configure:13066: $? = 0
configure:13078: result: yes
configure:13081: checking for NEON in current arch/CFLAGS
configure:13100: gcc -o conftest.exe -g -O3 -march=nocona   conftest.c  >&5
conftest.c:25:10: fatal error: arm_neon.h: No such file or directory
 #include <arm_neon.h>
          ^~~~~~~~~~~~
compilation terminated.
configure:13100: $? = 1
configure: failed program was:
| /* confdefs.h */
| #define PACKAGE_NAME "speexdsp"
| #define PACKAGE_TARNAME "speexdsp"
| #define PACKAGE_VERSION "1.2rc3"
| #define PACKAGE_STRING "speexdsp 1.2rc3"
| #define PACKAGE_BUGREPORT "speex-dev@xiph.org"
| #define PACKAGE_URL ""
| #define STDC_HEADERS 1
| #define HAVE_SYS_TYPES_H 1
| #define HAVE_SYS_STAT_H 1
| #define HAVE_STDLIB_H 1
| #define HAVE_STRING_H 1
| #define HAVE_MEMORY_H 1
| #define HAVE_STRINGS_H 1
| #define HAVE_INTTYPES_H 1
| #define HAVE_STDINT_H 1
| #define HAVE_UNISTD_H 1
| #define LT_OBJDIR ".libs/"
| #define restrict __restrict
| #define VAR_ARRAYS /**/
| #define HAVE_GETOPT_H 1
| /* end confdefs.h.  */
| 
| 
| #include <arm_neon.h>
| int32x4_t testfunc(int16_t *a, int16_t *b) {
|       return vmull_s16(vld1_s16(a), vld1_s16(b));
| }
| 
| int
| main ()
| {
| 
|   ;
|   return 0;
| }
configure:13112: result: no
configure:13117: checking for ELF visibility
configure:13135: gcc -c -g -O3 -march=nocona -fvisibility=hidden  conftest.c >&5
configure:13135: $? = 0
configure:13153: result: yes
configure:13159: checking sys/soundcard.h usability
configure:13159: gcc -c -g -O3 -march=nocona -fvisibility=hidden  conftest.c >&5
conftest.c:57:10: fatal error: sys/soundcard.h: No such file or directory
 #include <sys/soundcard.h>
          ^~~~~~~~~~~~~~~~~
compilation terminated.
configure:13159: $? = 1
configure: failed program was:
| /* confdefs.h */
| #define PACKAGE_NAME "speexdsp"
| #define PACKAGE_TARNAME "speexdsp"
| #define PACKAGE_VERSION "1.2rc3"
| #define PACKAGE_STRING "speexdsp 1.2rc3"
| #define PACKAGE_BUGREPORT "speex-dev@xiph.org"
| #define PACKAGE_URL ""
| #define STDC_HEADERS 1
| #define HAVE_SYS_TYPES_H 1
| #define HAVE_SYS_STAT_H 1
| #define HAVE_STDLIB_H 1
| #define HAVE_STRING_H 1
| #define HAVE_MEMORY_H 1
| #define HAVE_STRINGS_H 1
| #define HAVE_INTTYPES_H 1
| #define HAVE_STDINT_H 1
| #define HAVE_UNISTD_H 1
| #define LT_OBJDIR ".libs/"
| #define restrict __restrict
| #define VAR_ARRAYS /**/
| #define HAVE_GETOPT_H 1
| #define EXPORT __attribute__((visibility("default")))
| /* end confdefs.h.  */
| #include <stdio.h>
| #ifdef HAVE_SYS_TYPES_H
| # include <sys/types.h>
| #endif
| #ifdef HAVE_SYS_STAT_H
| # include <sys/stat.h>
| #endif
| #ifdef STDC_HEADERS
| # include <stdlib.h>
| # include <stddef.h>
| #else
| # ifdef HAVE_STDLIB_H
| #  include <stdlib.h>
| # endif
| #endif
| #ifdef HAVE_STRING_H
| # if !defined STDC_HEADERS && defined HAVE_MEMORY_H
| #  include <memory.h>
| # endif
| # include <string.h>
| #endif
| #ifdef HAVE_STRINGS_H
| # include <strings.h>
| #endif
| #ifdef HAVE_INTTYPES_H
| # include <inttypes.h>
| #endif
| #ifdef HAVE_STDINT_H
| # include <stdint.h>
| #endif
| #ifdef HAVE_UNISTD_H
| # include <unistd.h>
| #endif
| #include <sys/soundcard.h>
configure:13159: result: no
configure:13159: checking sys/soundcard.h presence
configure:13159: gcc -E  conftest.c
conftest.c:24:10: fatal error: sys/soundcard.h: No such file or directory
 #include <sys/soundcard.h>
          ^~~~~~~~~~~~~~~~~
compilation terminated.
configure:13159: $? = 1
configure: failed program was:
| /* confdefs.h */
| #define PACKAGE_NAME "speexdsp"
| #define PACKAGE_TARNAME "speexdsp"
| #define PACKAGE_VERSION "1.2rc3"
| #define PACKAGE_STRING "speexdsp 1.2rc3"
| #define PACKAGE_BUGREPORT "speex-dev@xiph.org"
| #define PACKAGE_URL ""
| #define STDC_HEADERS 1
| #define HAVE_SYS_TYPES_H 1
| #define HAVE_SYS_STAT_H 1
| #define HAVE_STDLIB_H 1
| #define HAVE_STRING_H 1
| #define HAVE_MEMORY_H 1
| #define HAVE_STRINGS_H 1
| #define HAVE_INTTYPES_H 1
| #define HAVE_STDINT_H 1
| #define HAVE_UNISTD_H 1
| #define LT_OBJDIR ".libs/"
| #define restrict __restrict
| #define VAR_ARRAYS /**/
| #define HAVE_GETOPT_H 1
| #define EXPORT __attribute__((visibility("default")))
| /* end confdefs.h.  */
| #include <sys/soundcard.h>
configure:13159: result: no
configure:13159: checking for sys/soundcard.h
configure:13159: result: no
configure:13159: checking sys/audioio.h usability
configure:13159: gcc -c -g -O3 -march=nocona -fvisibility=hidden  conftest.c >&5
conftest.c:57:10: fatal error: sys/audioio.h: No such file or directory
 #include <sys/audioio.h>
          ^~~~~~~~~~~~~~~
compilation terminated.
configure:13159: $? = 1
configure: failed program was:
| /* confdefs.h */
| #define PACKAGE_NAME "speexdsp"
| #define PACKAGE_TARNAME "speexdsp"
| #define PACKAGE_VERSION "1.2rc3"
| #define PACKAGE_STRING "speexdsp 1.2rc3"
| #define PACKAGE_BUGREPORT "speex-dev@xiph.org"
| #define PACKAGE_URL ""
| #define STDC_HEADERS 1
| #define HAVE_SYS_TYPES_H 1
| #define HAVE_SYS_STAT_H 1
| #define HAVE_STDLIB_H 1
| #define HAVE_STRING_H 1
| #define HAVE_MEMORY_H 1
| #define HAVE_STRINGS_H 1
| #define HAVE_INTTYPES_H 1
| #define HAVE_STDINT_H 1
| #define HAVE_UNISTD_H 1
| #define LT_OBJDIR ".libs/"
| #define restrict __restrict
| #define VAR_ARRAYS /**/
| #define HAVE_GETOPT_H 1
| #define EXPORT __attribute__((visibility("default")))
| /* end confdefs.h.  */
| #include <stdio.h>
| #ifdef HAVE_SYS_TYPES_H
| # include <sys/types.h>
| #endif
| #ifdef HAVE_SYS_STAT_H
| # include <sys/stat.h>
| #endif
| #ifdef STDC_HEADERS
| # include <stdlib.h>
| # include <stddef.h>
| #else
| # ifdef HAVE_STDLIB_H
| #  include <stdlib.h>
| # endif
| #endif
| #ifdef HAVE_STRING_H
| # if !defined STDC_HEADERS && defined HAVE_MEMORY_H
| #  include <memory.h>
| # endif
| # include <string.h>
| #endif
| #ifdef HAVE_STRINGS_H
| # include <strings.h>
| #endif
| #ifdef HAVE_INTTYPES_H
| # include <inttypes.h>
| #endif
| #ifdef HAVE_STDINT_H
| # include <stdint.h>
| #endif
| #ifdef HAVE_UNISTD_H
| # include <unistd.h>
| #endif
| #include <sys/audioio.h>
configure:13159: result: no
configure:13159: checking sys/audioio.h presence
configure:13159: gcc -E  conftest.c
conftest.c:24:10: fatal error: sys/audioio.h: No such file or directory
 #include <sys/audioio.h>
          ^~~~~~~~~~~~~~~
compilation terminated.
configure:13159: $? = 1
configure: failed program was:
| /* confdefs.h */
| #define PACKAGE_NAME "speexdsp"
| #define PACKAGE_TARNAME "speexdsp"
| #define PACKAGE_VERSION "1.2rc3"
| #define PACKAGE_STRING "speexdsp 1.2rc3"
| #define PACKAGE_BUGREPORT "speex-dev@xiph.org"
| #define PACKAGE_URL ""
| #define STDC_HEADERS 1
| #define HAVE_SYS_TYPES_H 1
| #define HAVE_SYS_STAT_H 1
| #define HAVE_STDLIB_H 1
| #define HAVE_STRING_H 1
| #define HAVE_MEMORY_H 1
| #define HAVE_STRINGS_H 1
| #define HAVE_INTTYPES_H 1
| #define HAVE_STDINT_H 1
| #define HAVE_UNISTD_H 1
| #define LT_OBJDIR ".libs/"
| #define restrict __restrict
| #define VAR_ARRAYS /**/
| #define HAVE_GETOPT_H 1
| #define EXPORT __attribute__((visibility("default")))
| /* end confdefs.h.  */
| #include <sys/audioio.h>
configure:13159: result: no
configure:13159: checking for sys/audioio.h
configure:13159: result: no
configure:13260: checking for cos in -lm
configure:13285: gcc -o conftest.exe -g -O3 -march=nocona -fvisibility=hidden   conftest.c -lm   >&5
conftest.c:31:6: warning: conflicting types for built-in function 'cos' [-Wbuiltin-declaration-mismatch]
 char cos ();
      ^~~
configure:13285: $? = 0
configure:13294: result: yes
configure:13547: checking for pkg-config
configure:13580: result: no
configure:13790: checking size of int16_t
configure:13795: gcc -o conftest.exe -g -O3 -march=nocona -fvisibility=hidden   conftest.c  >&5
configure:13795: $? = 0
configure:13795: ./conftest.exe
configure:13795: $? = 0
configure:13809: result: 2
configure:13823: checking size of uint16_t
configure:13828: gcc -o conftest.exe -g -O3 -march=nocona -fvisibility=hidden   conftest.c  >&5
configure:13828: $? = 0
configure:13828: ./conftest.exe
configure:13828: $? = 0
configure:13842: result: 2
configure:13856: checking size of u_int16_t
configure:13861: gcc -o conftest.exe -g -O3 -march=nocona -fvisibility=hidden   conftest.c  >&5
conftest.c: In function 'longval':
conftest.c:63:57: error: 'u_int16_t' undeclared (first use in this function); did you mean 'uint16_t'?
 static long int longval () { return (long int) (sizeof (u_int16_t)); }
                                                         ^~~~~~~~~
                                                         uint16_t
conftest.c:63:57: note: each undeclared identifier is reported only once for each function it appears in
conftest.c: In function 'ulongval':
conftest.c:64:67: error: 'u_int16_t' undeclared (first use in this function); did you mean 'uint16_t'?
 static unsigned long int ulongval () { return (long int) (sizeof (u_int16_t)); }
                                                                   ^~~~~~~~~
                                                                   uint16_t
conftest.c: In function 'main':
conftest.c:74:28: error: 'u_int16_t' undeclared (first use in this function); did you mean 'uint16_t'?
   if (((long int) (sizeof (u_int16_t))) < 0)
                            ^~~~~~~~~
                            uint16_t
configure:13861: $? = 1
configure: program exited with status 1
configure: failed program was:
| /* confdefs.h */
| #define PACKAGE_NAME "speexdsp"
| #define PACKAGE_TARNAME "speexdsp"
| #define PACKAGE_VERSION "1.2rc3"
| #define PACKAGE_STRING "speexdsp 1.2rc3"
| #define PACKAGE_BUGREPORT "speex-dev@xiph.org"
| #define PACKAGE_URL ""
| #define STDC_HEADERS 1
| #define HAVE_SYS_TYPES_H 1
| #define HAVE_SYS_STAT_H 1
| #define HAVE_STDLIB_H 1
| #define HAVE_STRING_H 1
| #define HAVE_MEMORY_H 1
| #define HAVE_STRINGS_H 1
| #define HAVE_INTTYPES_H 1
| #define HAVE_STDINT_H 1
| #define HAVE_UNISTD_H 1
| #define LT_OBJDIR ".libs/"
| #define restrict __restrict
| #define VAR_ARRAYS /**/
| #define HAVE_GETOPT_H 1
| #define EXPORT __attribute__((visibility("default")))
| #define FLOATING_POINT /**/
| #define _USE_SSE /**/
| #define _USE_SSE2 /**/
| #define USE_SMALLFT /**/
| #define SIZEOF_INT16_T 2
| #define SIZEOF_UINT16_T 2
| /* end confdefs.h.  */
| #include <stdio.h>
| #ifdef HAVE_SYS_TYPES_H
| # include <sys/types.h>
| #endif
| #ifdef HAVE_SYS_STAT_H
| # include <sys/stat.h>
| #endif
| #ifdef STDC_HEADERS
| # include <stdlib.h>
| # include <stddef.h>
| #else
| # ifdef HAVE_STDLIB_H
| #  include <stdlib.h>
| # endif
| #endif
| #ifdef HAVE_STRING_H
| # if !defined STDC_HEADERS && defined HAVE_MEMORY_H
| #  include <memory.h>
| # endif
| # include <string.h>
| #endif
| #ifdef HAVE_STRINGS_H
| # include <strings.h>
| #endif
| #ifdef HAVE_INTTYPES_H
| # include <inttypes.h>
| #endif
| #ifdef HAVE_STDINT_H
| # include <stdint.h>
| #endif
| #ifdef HAVE_UNISTD_H
| # include <unistd.h>
| #endif
| static long int longval () { return (long int) (sizeof (u_int16_t)); }
| static unsigned long int ulongval () { return (long int) (sizeof (u_int16_t)); }
| #include <stdio.h>
| #include <stdlib.h>
| int
| main ()
| {
| 
|   FILE *f = fopen ("conftest.val", "w");
|   if (! f)
|     return 1;
|   if (((long int) (sizeof (u_int16_t))) < 0)
|     {
|       long int i = longval ();
|       if (i != ((long int) (sizeof (u_int16_t))))
| 	return 1;
|       fprintf (f, "%ld", i);
|     }
|   else
|     {
|       unsigned long int i = ulongval ();
|       if (i != ((long int) (sizeof (u_int16_t))))
| 	return 1;
|       fprintf (f, "%lu", i);
|     }
|   /* Do not output a trailing newline, as this causes \r\n confusion
|      on some platforms.  */
|   return ferror (f) || fclose (f) != 0;
| 
|   ;
|   return 0;
| }
configure:13875: result: 0
configure:13889: checking size of int32_t
configure:13894: gcc -o conftest.exe -g -O3 -march=nocona -fvisibility=hidden   conftest.c  >&5
configure:13894: $? = 0
configure:13894: ./conftest.exe
configure:13894: $? = 0
configure:13908: result: 4
configure:13922: checking size of uint32_t
configure:13927: gcc -o conftest.exe -g -O3 -march=nocona -fvisibility=hidden   conftest.c  >&5
configure:13927: $? = 0
configure:13927: ./conftest.exe
configure:13927: $? = 0
configure:13941: result: 4
configure:13955: checking size of u_int32_t
configure:13960: gcc -o conftest.exe -g -O3 -march=nocona -fvisibility=hidden   conftest.c  >&5
conftest.c: In function 'longval':
conftest.c:66:57: error: 'u_int32_t' undeclared (first use in this function); did you mean 'uint32_t'?
 static long int longval () { return (long int) (sizeof (u_int32_t)); }
                                                         ^~~~~~~~~
                                                         uint32_t
conftest.c:66:57: note: each undeclared identifier is reported only once for each function it appears in
conftest.c: In function 'ulongval':
conftest.c:67:67: error: 'u_int32_t' undeclared (first use in this function); did you mean 'uint32_t'?
 static unsigned long int ulongval () { return (long int) (sizeof (u_int32_t)); }
                                                                   ^~~~~~~~~
                                                                   uint32_t
conftest.c: In function 'main':
conftest.c:77:28: error: 'u_int32_t' undeclared (first use in this function); did you mean 'uint32_t'?
   if (((long int) (sizeof (u_int32_t))) < 0)
                            ^~~~~~~~~
                            uint32_t
configure:13960: $? = 1
configure: program exited with status 1
configure: failed program was:
| /* confdefs.h */
| #define PACKAGE_NAME "speexdsp"
| #define PACKAGE_TARNAME "speexdsp"
| #define PACKAGE_VERSION "1.2rc3"
| #define PACKAGE_STRING "speexdsp 1.2rc3"
| #define PACKAGE_BUGREPORT "speex-dev@xiph.org"
| #define PACKAGE_URL ""
| #define STDC_HEADERS 1
| #define HAVE_SYS_TYPES_H 1
| #define HAVE_SYS_STAT_H 1
| #define HAVE_STDLIB_H 1
| #define HAVE_STRING_H 1
| #define HAVE_MEMORY_H 1
| #define HAVE_STRINGS_H 1
| #define HAVE_INTTYPES_H 1
| #define HAVE_STDINT_H 1
| #define HAVE_UNISTD_H 1
| #define LT_OBJDIR ".libs/"
| #define restrict __restrict
| #define VAR_ARRAYS /**/
| #define HAVE_GETOPT_H 1
| #define EXPORT __attribute__((visibility("default")))
| #define FLOATING_POINT /**/
| #define _USE_SSE /**/
| #define _USE_SSE2 /**/
| #define USE_SMALLFT /**/
| #define SIZEOF_INT16_T 2
| #define SIZEOF_UINT16_T 2
| #define SIZEOF_U_INT16_T 0
| #define SIZEOF_INT32_T 4
| #define SIZEOF_UINT32_T 4
| /* end confdefs.h.  */
| #include <stdio.h>
| #ifdef HAVE_SYS_TYPES_H
| # include <sys/types.h>
| #endif
| #ifdef HAVE_SYS_STAT_H
| # include <sys/stat.h>
| #endif
| #ifdef STDC_HEADERS
| # include <stdlib.h>
| # include <stddef.h>
| #else
| # ifdef HAVE_STDLIB_H
| #  include <stdlib.h>
| # endif
| #endif
| #ifdef HAVE_STRING_H
| # if !defined STDC_HEADERS && defined HAVE_MEMORY_H
| #  include <memory.h>
| # endif
| # include <string.h>
| #endif
| #ifdef HAVE_STRINGS_H
| # include <strings.h>
| #endif
| #ifdef HAVE_INTTYPES_H
| # include <inttypes.h>
| #endif
| #ifdef HAVE_STDINT_H
| # include <stdint.h>
| #endif
| #ifdef HAVE_UNISTD_H
| # include <unistd.h>
| #endif
| static long int longval () { return (long int) (sizeof (u_int32_t)); }
| static unsigned long int ulongval () { return (long int) (sizeof (u_int32_t)); }
| #include <stdio.h>
| #include <stdlib.h>
| int
| main ()
| {
| 
|   FILE *f = fopen ("conftest.val", "w");
|   if (! f)
|     return 1;
|   if (((long int) (sizeof (u_int32_t))) < 0)
|     {
|       long int i = longval ();
|       if (i != ((long int) (sizeof (u_int32_t))))
| 	return 1;
|       fprintf (f, "%ld", i);
|     }
|   else
|     {
|       unsigned long int i = ulongval ();
|       if (i != ((long int) (sizeof (u_int32_t))))
| 	return 1;
|       fprintf (f, "%lu", i);
|     }
|   /* Do not output a trailing newline, as this causes \r\n confusion
|      on some platforms.  */
|   return ferror (f) || fclose (f) != 0;
| 
|   ;
|   return 0;
| }
configure:13974: result: 0
configure:13988: checking size of short
configure:13993: gcc -o conftest.exe -g -O3 -march=nocona -fvisibility=hidden   conftest.c  >&5
configure:13993: $? = 0
configure:13993: ./conftest.exe
configure:13993: $? = 0
configure:14007: result: 2
configure:14021: checking size of int
configure:14026: gcc -o conftest.exe -g -O3 -march=nocona -fvisibility=hidden   conftest.c  >&5
configure:14026: $? = 0
configure:14026: ./conftest.exe
configure:14026: $? = 0
configure:14040: result: 4
configure:14054: checking size of long
configure:14059: gcc -o conftest.exe -g -O3 -march=nocona -fvisibility=hidden   conftest.c  >&5
configure:14059: $? = 0
configure:14059: ./conftest.exe
configure:14059: $? = 0
configure:14073: result: 4
configure:14257: checking that generated files are newer than configure
configure:14263: result: done
configure:14307: creating ./config.status

## ---------------------- ##
## Running config.status. ##
## ---------------------- ##

This file was extended by speexdsp config.status 1.2rc3, which was
generated by GNU Autoconf 2.69.  Invocation command line was

  CONFIG_FILES    = 
  CONFIG_HEADERS  = 
  CONFIG_LINKS    = 
  CONFIG_COMMANDS = 
  $ ./config.status 

on TERA

config.status:1160: creating Makefile
config.status:1160: creating libspeexdsp/Makefile
config.status:1160: creating doc/Makefile
config.status:1160: creating SpeexDSP.spec
config.status:1160: creating include/Makefile
config.status:1160: creating include/speex/Makefile
config.status:1160: creating speexdsp.pc
config.status:1160: creating win32/Makefile
config.status:1160: creating win32/libspeexdsp/Makefile
config.status:1160: creating symbian/Makefile
config.status:1160: creating win32/VS2003/Makefile
config.status:1160: creating win32/VS2003/libspeexdsp/Makefile
config.status:1160: creating win32/VS2003/tests/Makefile
config.status:1160: creating win32/VS2005/Makefile
config.status:1160: creating win32/VS2005/libspeexdsp/Makefile
config.status:1160: creating win32/VS2005/tests/Makefile
config.status:1160: creating win32/VS2008/Makefile
config.status:1160: creating win32/VS2008/libspeexdsp/Makefile
config.status:1160: creating win32/VS2008/tests/Makefile
config.status:1160: creating include/speex/speexdsp_config_types.h
config.status:1160: creating ti/Makefile
config.status:1160: creating ti/speex_C54_test/Makefile
config.status:1160: creating ti/speex_C55_test/Makefile
config.status:1160: creating ti/speex_C64_test/Makefile
config.status:1160: creating config.h
config.status:1389: executing depfiles commands
config.status:1389: executing libtool commands

## ---------------- ##
## Cache variables. ##
## ---------------- ##

ac_cv_build=x86_64-w64-mingw32
ac_cv_c_bigendian=no
ac_cv_c_compiler_gnu=yes
ac_cv_c_const=yes
ac_cv_c_inline=inline
ac_cv_c_restrict=__restrict
ac_cv_env_CC_set=
ac_cv_env_CC_value=
ac_cv_env_CFLAGS_set=set
ac_cv_env_CFLAGS_value='-g -O3 -march=nocona'
ac_cv_env_CPPFLAGS_set=
ac_cv_env_CPPFLAGS_value=
ac_cv_env_CPP_set=
ac_cv_env_CPP_value=
ac_cv_env_FFT_CFLAGS_set=
ac_cv_env_FFT_CFLAGS_value=
ac_cv_env_FFT_LIBS_set=
ac_cv_env_FFT_LIBS_value=
ac_cv_env_LDFLAGS_set=set
ac_cv_env_LDFLAGS_value=
ac_cv_env_LIBS_set=
ac_cv_env_LIBS_value=
ac_cv_env_LT_SYS_LIBRARY_PATH_set=
ac_cv_env_LT_SYS_LIBRARY_PATH_value=
ac_cv_env_PKG_CONFIG_LIBDIR_set=
ac_cv_env_PKG_CONFIG_LIBDIR_value=
ac_cv_env_PKG_CONFIG_PATH_set=set
ac_cv_env_PKG_CONFIG_PATH_value=/mingw64/lib/pkgconfig:/mingw64/share/pkgconfig
ac_cv_env_PKG_CONFIG_set=
ac_cv_env_PKG_CONFIG_value=
ac_cv_env_build_alias_set=
ac_cv_env_build_alias_value=
ac_cv_env_host_alias_set=
ac_cv_env_host_alias_value=
ac_cv_env_target_alias_set=
ac_cv_env_target_alias_value=
ac_cv_exeext=.exe
ac_cv_header_alloca_h=no
ac_cv_header_dlfcn_h=no
ac_cv_header_getopt_h=yes
ac_cv_header_inttypes_h=yes
ac_cv_header_memory_h=yes
ac_cv_header_stdc=yes
ac_cv_header_stdint_h=yes
ac_cv_header_stdlib_h=yes
ac_cv_header_string_h=yes
ac_cv_header_strings_h=yes
ac_cv_header_sys_audioio_h=no
ac_cv_header_sys_soundcard_h=no
ac_cv_header_sys_stat_h=yes
ac_cv_header_sys_types_h=yes
ac_cv_header_unistd_h=yes
ac_cv_host=x86_64-w64-mingw32
ac_cv_lib_m_cos=yes
ac_cv_objext=o
ac_cv_path_EGREP='/usr/bin/grep -E'
ac_cv_path_FGREP='/usr/bin/grep -F'
ac_cv_path_GREP=/usr/bin/grep
ac_cv_path_SED=/usr/bin/sed
ac_cv_path_install='/usr/bin/install -c'
ac_cv_path_lt_DD=/usr/bin/dd
ac_cv_path_mkdir=/usr/bin/mkdir
ac_cv_prog_AWK=gawk
ac_cv_prog_CPP='gcc -E'
ac_cv_prog_ac_ct_AR=ar
ac_cv_prog_ac_ct_AS=as
ac_cv_prog_ac_ct_CC=gcc
ac_cv_prog_ac_ct_DLLTOOL=dlltool
ac_cv_prog_ac_ct_OBJDUMP=objdump
ac_cv_prog_ac_ct_RANLIB=ranlib
ac_cv_prog_ac_ct_STRIP=strip
ac_cv_prog_cc_c89=
ac_cv_prog_cc_g=yes
ac_cv_prog_make_make_set=yes
ac_cv_sizeof_int16_t=2
ac_cv_sizeof_int32_t=4
ac_cv_sizeof_int=4
ac_cv_sizeof_long=4
ac_cv_sizeof_short=2
ac_cv_sizeof_u_int16_t=0
ac_cv_sizeof_u_int32_t=0
ac_cv_sizeof_uint16_t=2
ac_cv_sizeof_uint32_t=4
am_cv_CC_dependencies_compiler_type=gcc3
am_cv_make_support_nested_variables=yes
am_cv_prog_cc_c_o=yes
lt_cv_ar_at_file=@
lt_cv_archive_cmds_need_lc=yes
lt_cv_deplibs_check_method='file_magic ^x86 archive import|^x86 DLL'
lt_cv_file_magic_cmd=func_win32_libid
lt_cv_file_magic_test_file=
lt_cv_ld_reload_flag=-r
lt_cv_nm_interface='BSD nm'
lt_cv_objdir=.libs
lt_cv_path_LD=C:/msys64/mingw64/x86_64-w64-mingw32/bin/ld.exe
lt_cv_path_NM='/mingw64/bin/nm -B'
lt_cv_path_mainfest_tool=no
lt_cv_prog_compiler_c_o=yes
lt_cv_prog_compiler_pic='-DDLL_EXPORT -DPIC'
lt_cv_prog_compiler_pic_works=yes
lt_cv_prog_compiler_rtti_exceptions=no
lt_cv_prog_compiler_static_works=yes
lt_cv_prog_gnu_ld=yes
lt_cv_sharedlib_from_linklib_cmd=func_cygming_dll_for_implib
lt_cv_sys_global_symbol_pipe='sed -n -e '\''s/^.*[	 ]\([ABCDGIRSTW][ABCDGIRSTW]*\)[	 ][	 ]*\([_A-Za-z][_A-Za-z0-9]*\)\{0,1\}$/\1 \2 \2/p'\'' | sed '\''/ __gnu_lto/d'\'''
lt_cv_sys_global_symbol_to_c_name_address='sed -n -e '\''s/^: \(.*\) .*$/  {"\1", (void *) 0},/p'\'' -e '\''s/^[ABCDGIRSTW][ABCDGIRSTW]* .* \(.*\)$/  {"\1", (void *) \&\1},/p'\'''
lt_cv_sys_global_symbol_to_c_name_address_lib_prefix='sed -n -e '\''s/^: \(.*\) .*$/  {"\1", (void *) 0},/p'\'' -e '\''s/^[ABCDGIRSTW][ABCDGIRSTW]* .* \(lib.*\)$/  {"\1", (void *) \&\1},/p'\'' -e '\''s/^[ABCDGIRSTW][ABCDGIRSTW]* .* \(.*\)$/  {"lib\1", (void *) \&\1},/p'\'''
lt_cv_sys_global_symbol_to_cdecl='sed -n -e '\''s/^T .* \(.*\)$/extern int \1();/p'\'' -e '\''s/^[ABCDGIRSTW][ABCDGIRSTW]* .* \(.*\)$/extern char \1;/p'\'''
lt_cv_sys_global_symbol_to_import=
lt_cv_sys_max_cmd_len=8192
lt_cv_to_host_file_cmd=func_convert_file_msys_to_w32
lt_cv_to_tool_file_cmd=func_convert_file_msys_to_w32
lt_cv_truncate_bin='/usr/bin/dd bs=4096 count=1'

## ----------------- ##
## Output variables. ##
## ----------------- ##

ACLOCAL='${SHELL} /f/git/Rack/dep/speexdsp-SpeexDSP-1.2rc3/missing aclocal-1.15'
AMDEPBACKSLASH='\'
AMDEP_FALSE='#'
AMDEP_TRUE=''
AMTAR='$${TAR-tar}'
AM_BACKSLASH='\'
AM_DEFAULT_V='$(AM_DEFAULT_VERBOSITY)'
AM_DEFAULT_VERBOSITY='0'
AM_V='$(V)'
AR='ar'
AS='as'
AUTOCONF='${SHELL} /f/git/Rack/dep/speexdsp-SpeexDSP-1.2rc3/missing autoconf'
AUTOHEADER='${SHELL} /f/git/Rack/dep/speexdsp-SpeexDSP-1.2rc3/missing autoheader'
AUTOMAKE='${SHELL} /f/git/Rack/dep/speexdsp-SpeexDSP-1.2rc3/missing automake-1.15'
AWK='gawk'
BUILD_EXAMPLES_FALSE='#'
BUILD_EXAMPLES_TRUE=''
BUILD_KISS_FFT_FALSE=''
BUILD_KISS_FFT_TRUE='#'
BUILD_SMALLFT_FALSE='#'
BUILD_SMALLFT_TRUE=''
CC='gcc'
CCDEPMODE='depmode=gcc3'
CFLAGS='-g -O3 -march=nocona -fvisibility=hidden'
CPP='gcc -E'
CPPFLAGS=''
CYGPATH_W='cygpath -w'
DEFS='-DHAVE_CONFIG_H'
DEPDIR='.deps'
DLLTOOL='dlltool'
DSYMUTIL=''
DUMPBIN=''
ECHO_C=''
ECHO_N='-n'
ECHO_T=''
EGREP='/usr/bin/grep -E'
EXEEXT='.exe'
FFT_CFLAGS=''
FFT_LIBS=''
FFT_PKGCONFIG=''
FGREP='/usr/bin/grep -F'
GREP='/usr/bin/grep'
INSTALL_DATA='${INSTALL} -m 644'
INSTALL_PROGRAM='${INSTALL}'
INSTALL_SCRIPT='${INSTALL}'
INSTALL_STRIP_PROGRAM='$(install_sh) -c -s'
LD='C:/msys64/mingw64/x86_64-w64-mingw32/bin/ld.exe'
LDFLAGS=''
LIBM='-lm'
LIBOBJS=''
LIBS=''
LIBTOOL='$(SHELL) $(top_builddir)/libtool'
LIPO=''
LN_S='cp -pR'
LTLIBOBJS=''
LT_SYS_LIBRARY_PATH=''
MAINT=''
MAINTAINER_MODE_FALSE='#'
MAINTAINER_MODE_TRUE=''
MAKEINFO='${SHELL} /f/git/Rack/dep/speexdsp-SpeexDSP-1.2rc3/missing makeinfo'
MANIFEST_TOOL=':'
MKDIR_P='/usr/bin/mkdir -p'
NM='/mingw64/bin/nm -B'
NMEDIT=''
OBJDUMP='objdump'
OBJEXT='o'
OTOOL64=''
OTOOL=''
PACKAGE='speexdsp'
PACKAGE_BUGREPORT='speex-dev@xiph.org'
PACKAGE_NAME='speexdsp'
PACKAGE_STRING='speexdsp 1.2rc3'
PACKAGE_TARNAME='speexdsp'
PACKAGE_URL=''
PACKAGE_VERSION='1.2rc3'
PATH_SEPARATOR=':'
PKG_CONFIG=''
PKG_CONFIG_LIBDIR=''
PKG_CONFIG_PATH='/mingw64/lib/pkgconfig:/mingw64/share/pkgconfig'
RANLIB='ranlib'
SED='/usr/bin/sed'
SET_MAKE=''
SHELL='/bin/sh'
SIZE16='int16_t'
SIZE32='int32_t'
SPEEXDSP_LT_AGE='5'
SPEEXDSP_LT_CURRENT='6'
SPEEXDSP_LT_REVISION='0'
STRIP='strip'
USIZE16='uint16_t'
USIZE32='uint32_t'
VERSION='1.2rc3'
ac_ct_AR='ar'
ac_ct_CC='gcc'
ac_ct_DUMPBIN=''
am__EXEEXT_FALSE='#'
am__EXEEXT_TRUE=''
am__fastdepCC_FALSE='#'
am__fastdepCC_TRUE=''
am__include='include'
am__isrc=''
am__leading_dot='.'
am__nodep='_no'
am__quote=''
am__tar='$${TAR-tar} chof - "$$tardir"'
am__untar='$${TAR-tar} xf -'
bindir='${exec_prefix}/bin'
build='x86_64-w64-mingw32'
build_alias='x86_64-w64-mingw32'
build_cpu='x86_64'
build_os='mingw32'
build_vendor='w64'
datadir='${datarootdir}'
datarootdir='${prefix}/share'
docdir='${datarootdir}/doc/${PACKAGE_TARNAME}'
dvidir='${docdir}'
exec_prefix='${prefix}'
host='x86_64-w64-mingw32'
host_alias=''
host_cpu='x86_64'
host_os='mingw32'
host_vendor='w64'
htmldir='${docdir}'
includedir='${prefix}/include'
infodir='${datarootdir}/info'
install_sh='${SHELL} /f/git/Rack/dep/speexdsp-SpeexDSP-1.2rc3/install-sh'
libdir='${exec_prefix}/lib'
libexecdir='${exec_prefix}/libexec'
localedir='${datarootdir}/locale'
localstatedir='${prefix}/var'
mandir='${datarootdir}/man'
mkdir_p='$(MKDIR_P)'
oldincludedir='/usr/include'
pdfdir='${docdir}'
prefix='/f/git/Rack/dep/.'
program_transform_name='s,x,x,'
psdir='${docdir}'
sbindir='${exec_prefix}/sbin'
sharedstatedir='${prefix}/com'
src=''
sysconfdir='${prefix}/etc'
target_alias=''

## ----------- ##
## confdefs.h. ##
## ----------- ##

/* confdefs.h */
#define PACKAGE_NAME "speexdsp"
#define PACKAGE_TARNAME "speexdsp"
#define PACKAGE_VERSION "1.2rc3"
#define PACKAGE_STRING "speexdsp 1.2rc3"
#define PACKAGE_BUGREPORT "speex-dev@xiph.org"
#define PACKAGE_URL ""
#define STDC_HEADERS 1
#define HAVE_SYS_TYPES_H 1
#define HAVE_SYS_STAT_H 1
#define HAVE_STDLIB_H 1
#define HAVE_STRING_H 1
#define HAVE_MEMORY_H 1
#define HAVE_STRINGS_H 1
#define HAVE_INTTYPES_H 1
#define HAVE_STDINT_H 1
#define HAVE_UNISTD_H 1
#define LT_OBJDIR ".libs/"
#define restrict __restrict
#define VAR_ARRAYS /**/
#define HAVE_GETOPT_H 1
#define EXPORT __attribute__((visibility("default")))
#define FLOATING_POINT /**/
#define _USE_SSE /**/
#define _USE_SSE2 /**/
#define USE_SMALLFT /**/
#define SIZEOF_INT16_T 2
#define SIZEOF_UINT16_T 2
#define SIZEOF_U_INT16_T 0
#define SIZEOF_INT32_T 4
#define SIZEOF_UINT32_T 4
#define SIZEOF_U_INT32_T 0
#define SIZEOF_SHORT 2
#define SIZEOF_INT 4
#define SIZEOF_LONG 4

configure: exit 0
