f:\projects\tkopengl\lpng1632\projects\vstudio\x64\release\libpng16.bsc
f:\projects\tkopengl\lpng1632\projects\vstudio\libpng\x64\release\libpng16.pch
f:\projects\tkopengl\lpng1632\projects\vstudio\libpng\x64\release\vc141.pdb
f:\projects\tkopengl\lpng1632\projects\vstudio\libpng\x64\release\png.sbr
f:\projects\tkopengl\lpng1632\projects\vstudio\libpng\x64\release\png.obj
f:\projects\tkopengl\lpng1632\projects\vstudio\libpng\x64\release\pngerror.sbr
f:\projects\tkopengl\lpng1632\projects\vstudio\libpng\x64\release\pngget.sbr
f:\projects\tkopengl\lpng1632\projects\vstudio\libpng\x64\release\pngmem.sbr
f:\projects\tkopengl\lpng1632\projects\vstudio\libpng\x64\release\pngpread.sbr
f:\projects\tkopengl\lpng1632\projects\vstudio\libpng\x64\release\pngread.sbr
f:\projects\tkopengl\lpng1632\projects\vstudio\libpng\x64\release\pngrio.sbr
f:\projects\tkopengl\lpng1632\projects\vstudio\libpng\x64\release\pngrtran.sbr
f:\projects\tkopengl\lpng1632\projects\vstudio\libpng\x64\release\pngrutil.sbr
f:\projects\tkopengl\lpng1632\projects\vstudio\libpng\x64\release\pngset.sbr
f:\projects\tkopengl\lpng1632\projects\vstudio\libpng\x64\release\pngtrans.sbr
f:\projects\tkopengl\lpng1632\projects\vstudio\libpng\x64\release\pngwio.sbr
f:\projects\tkopengl\lpng1632\projects\vstudio\libpng\x64\release\pngwrite.sbr
f:\projects\tkopengl\lpng1632\projects\vstudio\libpng\x64\release\pngwtran.sbr
f:\projects\tkopengl\lpng1632\projects\vstudio\libpng\x64\release\pngwutil.sbr
f:\projects\tkopengl\lpng1632\projects\vstudio\libpng\x64\release\pngwutil.obj
f:\projects\tkopengl\lpng1632\projects\vstudio\libpng\x64\release\pngwtran.obj
f:\projects\tkopengl\lpng1632\projects\vstudio\libpng\x64\release\pngwrite.obj
f:\projects\tkopengl\lpng1632\projects\vstudio\libpng\x64\release\pngwio.obj
f:\projects\tkopengl\lpng1632\projects\vstudio\libpng\x64\release\pngtrans.obj
f:\projects\tkopengl\lpng1632\projects\vstudio\libpng\x64\release\pngset.obj
f:\projects\tkopengl\lpng1632\projects\vstudio\libpng\x64\release\pngrutil.obj
f:\projects\tkopengl\lpng1632\projects\vstudio\libpng\x64\release\pngrtran.obj
f:\projects\tkopengl\lpng1632\projects\vstudio\libpng\x64\release\pngrio.obj
f:\projects\tkopengl\lpng1632\projects\vstudio\libpng\x64\release\pngread.obj
f:\projects\tkopengl\lpng1632\projects\vstudio\libpng\x64\release\pngpread.obj
f:\projects\tkopengl\lpng1632\projects\vstudio\libpng\x64\release\pngmem.obj
f:\projects\tkopengl\lpng1632\projects\vstudio\libpng\x64\release\pngget.obj
f:\projects\tkopengl\lpng1632\projects\vstudio\libpng\x64\release\pngerror.obj
f:\projects\tkopengl\lpng1632\projects\vstudio\x64\release\libpng16.lib
f:\projects\tkopengl\lpng1632\projects\vstudio\x64\release\libpng16.exp
f:\projects\tkopengl\lpng1632\projects\vstudio\x64\release\libpng16.ipdb
f:\projects\tkopengl\lpng1632\projects\vstudio\x64\release\libpng16.iobj
f:\projects\tkopengl\lpng1632\projects\vstudio\x64\release\libpng16.dll
f:\projects\tkopengl\lpng1632\projects\vstudio\x64\release\libpng16.pdb
f:\projects\tkopengl\lpng1632\projects\vstudio\libpng\x64\release\pngwin.res
f:\projects\tkopengl\lpng1632\projects\vstudio\libpng\x64\release\libpng.tlog\bscmake.command.1.tlog
f:\projects\tkopengl\lpng1632\projects\vstudio\libpng\x64\release\libpng.tlog\bscmake.read.1.tlog
f:\projects\tkopengl\lpng1632\projects\vstudio\libpng\x64\release\libpng.tlog\bscmake.write.1.tlog
f:\projects\tkopengl\lpng1632\projects\vstudio\libpng\x64\release\libpng.tlog\cl.command.1.tlog
f:\projects\tkopengl\lpng1632\projects\vstudio\libpng\x64\release\libpng.tlog\cl.read.1.tlog
f:\projects\tkopengl\lpng1632\projects\vstudio\libpng\x64\release\libpng.tlog\cl.write.1.tlog
f:\projects\tkopengl\lpng1632\projects\vstudio\libpng\x64\release\libpng.tlog\libpng.write.1u.tlog
f:\projects\tkopengl\lpng1632\projects\vstudio\libpng\x64\release\libpng.tlog\link.command.1.tlog
f:\projects\tkopengl\lpng1632\projects\vstudio\libpng\x64\release\libpng.tlog\link.read.1.tlog
f:\projects\tkopengl\lpng1632\projects\vstudio\libpng\x64\release\libpng.tlog\link.write.1.tlog
f:\projects\tkopengl\lpng1632\projects\vstudio\libpng\x64\release\libpng.tlog\rc.command.1.tlog
f:\projects\tkopengl\lpng1632\projects\vstudio\libpng\x64\release\libpng.tlog\rc.read.1.tlog
f:\projects\tkopengl\lpng1632\projects\vstudio\libpng\x64\release\libpng.tlog\rc.write.1.tlog
