f:\projects\tks-source\zlib-1.2.11\contrib\vstudio\vc14\x64\zlibdllreleasewithoutasm\vc140.pdb
f:\projects\tks-source\zlib-1.2.11\contrib\vstudio\vc14\x64\zlibdllreleasewithoutasm\tmp\zutil.obj
f:\projects\tks-source\zlib-1.2.11\contrib\vstudio\vc14\x64\zlibdllreleasewithoutasm\tmp\zip.obj
f:\projects\tks-source\zlib-1.2.11\contrib\vstudio\vc14\x64\zlibdllreleasewithoutasm\tmp\unzip.obj
f:\projects\tks-source\zlib-1.2.11\contrib\vstudio\vc14\x64\zlibdllreleasewithoutasm\tmp\uncompr.obj
f:\projects\tks-source\zlib-1.2.11\contrib\vstudio\vc14\x64\zlibdllreleasewithoutasm\tmp\trees.obj
f:\projects\tks-source\zlib-1.2.11\contrib\vstudio\vc14\x64\zlibdllreleasewithoutasm\tmp\iowin32.obj
f:\projects\tks-source\zlib-1.2.11\contrib\vstudio\vc14\x64\zlibdllreleasewithoutasm\tmp\ioapi.obj
f:\projects\tks-source\zlib-1.2.11\contrib\vstudio\vc14\x64\zlibdllreleasewithoutasm\tmp\inftrees.obj
f:\projects\tks-source\zlib-1.2.11\contrib\vstudio\vc14\x64\zlibdllreleasewithoutasm\tmp\inflate.obj
f:\projects\tks-source\zlib-1.2.11\contrib\vstudio\vc14\x64\zlibdllreleasewithoutasm\tmp\inffast.obj
f:\projects\tks-source\zlib-1.2.11\contrib\vstudio\vc14\x64\zlibdllreleasewithoutasm\tmp\inffas8664.obj
f:\projects\tks-source\zlib-1.2.11\contrib\vstudio\vc14\x64\zlibdllreleasewithoutasm\tmp\infback.obj
f:\projects\tks-source\zlib-1.2.11\contrib\vstudio\vc14\x64\zlibdllreleasewithoutasm\tmp\gzwrite.obj
f:\projects\tks-source\zlib-1.2.11\contrib\vstudio\vc14\x64\zlibdllreleasewithoutasm\tmp\gzread.obj
f:\projects\tks-source\zlib-1.2.11\contrib\vstudio\vc14\x64\zlibdllreleasewithoutasm\tmp\gzlib.obj
f:\projects\tks-source\zlib-1.2.11\contrib\vstudio\vc14\x64\zlibdllreleasewithoutasm\tmp\gzclose.obj
f:\projects\tks-source\zlib-1.2.11\contrib\vstudio\vc14\x64\zlibdllreleasewithoutasm\tmp\deflate.obj
f:\projects\tks-source\zlib-1.2.11\contrib\vstudio\vc14\x64\zlibdllreleasewithoutasm\tmp\crc32.obj
f:\projects\tks-source\zlib-1.2.11\contrib\vstudio\vc14\x64\zlibdllreleasewithoutasm\tmp\compress.obj
f:\projects\tks-source\zlib-1.2.11\contrib\vstudio\vc14\x64\zlibdllreleasewithoutasm\tmp\adler32.obj
f:\projects\tks-source\zlib-1.2.11\contrib\vstudio\vc14\x64\zlibdllreleasewithoutasm\zlibwapi.dll
f:\projects\tks-source\zlib-1.2.11\contrib\vstudio\vc14\x64\zlibdllreleasewithoutasm\tmp\adler32.cod
f:\projects\tks-source\zlib-1.2.11\contrib\vstudio\vc14\x64\zlibdllreleasewithoutasm\tmp\compress.cod
f:\projects\tks-source\zlib-1.2.11\contrib\vstudio\vc14\x64\zlibdllreleasewithoutasm\tmp\crc32.cod
f:\projects\tks-source\zlib-1.2.11\contrib\vstudio\vc14\x64\zlibdllreleasewithoutasm\tmp\deflate.cod
f:\projects\tks-source\zlib-1.2.11\contrib\vstudio\vc14\x64\zlibdllreleasewithoutasm\tmp\gzclose.cod
f:\projects\tks-source\zlib-1.2.11\contrib\vstudio\vc14\x64\zlibdllreleasewithoutasm\tmp\gzlib.cod
f:\projects\tks-source\zlib-1.2.11\contrib\vstudio\vc14\x64\zlibdllreleasewithoutasm\tmp\gzread.cod
f:\projects\tks-source\zlib-1.2.11\contrib\vstudio\vc14\x64\zlibdllreleasewithoutasm\tmp\gzwrite.cod
f:\projects\tks-source\zlib-1.2.11\contrib\vstudio\vc14\x64\zlibdllreleasewithoutasm\tmp\infback.cod
f:\projects\tks-source\zlib-1.2.11\contrib\vstudio\vc14\x64\zlibdllreleasewithoutasm\tmp\inffas8664.cod
f:\projects\tks-source\zlib-1.2.11\contrib\vstudio\vc14\x64\zlibdllreleasewithoutasm\tmp\inffast.cod
f:\projects\tks-source\zlib-1.2.11\contrib\vstudio\vc14\x64\zlibdllreleasewithoutasm\tmp\inflate.cod
f:\projects\tks-source\zlib-1.2.11\contrib\vstudio\vc14\x64\zlibdllreleasewithoutasm\tmp\inftrees.cod
f:\projects\tks-source\zlib-1.2.11\contrib\vstudio\vc14\x64\zlibdllreleasewithoutasm\tmp\ioapi.cod
f:\projects\tks-source\zlib-1.2.11\contrib\vstudio\vc14\x64\zlibdllreleasewithoutasm\tmp\iowin32.cod
f:\projects\tks-source\zlib-1.2.11\contrib\vstudio\vc14\x64\zlibdllreleasewithoutasm\tmp\trees.cod
f:\projects\tks-source\zlib-1.2.11\contrib\vstudio\vc14\x64\zlibdllreleasewithoutasm\tmp\uncompr.cod
f:\projects\tks-source\zlib-1.2.11\contrib\vstudio\vc14\x64\zlibdllreleasewithoutasm\tmp\unzip.cod
f:\projects\tks-source\zlib-1.2.11\contrib\vstudio\vc14\x64\zlibdllreleasewithoutasm\tmp\zip.cod
f:\projects\tks-source\zlib-1.2.11\contrib\vstudio\vc14\x64\zlibdllreleasewithoutasm\tmp\zutil.cod
f:\projects\tks-source\zlib-1.2.11\contrib\vstudio\vc14\x64\zlibdllreleasewithoutasm\zlibwapi.ipdb
f:\projects\tks-source\zlib-1.2.11\contrib\vstudio\vc14\x64\zlibdllreleasewithoutasm\zlibwapi.iobj
f:\projects\tks-source\zlib-1.2.11\contrib\vstudio\vc14\x64\zlibdllreleasewithoutasm\zlibwapi.map
f:\projects\tks-source\zlib-1.2.11\contrib\vstudio\vc14\x64\zlibdllreleasewithoutasm\zlibwapi.pdb
f:\projects\tks-source\zlib-1.2.11\contrib\vstudio\vc14\x64\zlibdllreleasewithoutasm\tmp\zlib.res
f:\projects\tks-source\zlib-1.2.11\contrib\vstudio\vc14\x64\zlibdllreleasewithoutasm\zlibwapi.lib
f:\projects\tks-source\zlib-1.2.11\contrib\vstudio\vc14\x64\zlibdllreleasewithoutasm\zlibwapi.exp
f:\projects\tks-source\zlib-1.2.11\contrib\vstudio\vc14\x64\zlibdllreleasewithoutasm\tmp\zlibvc.tlog\cl.command.1.tlog
f:\projects\tks-source\zlib-1.2.11\contrib\vstudio\vc14\x64\zlibdllreleasewithoutasm\tmp\zlibvc.tlog\cl.read.1.tlog
f:\projects\tks-source\zlib-1.2.11\contrib\vstudio\vc14\x64\zlibdllreleasewithoutasm\tmp\zlibvc.tlog\cl.write.1.tlog
f:\projects\tks-source\zlib-1.2.11\contrib\vstudio\vc14\x64\zlibdllreleasewithoutasm\tmp\zlibvc.tlog\link.command.1.tlog
f:\projects\tks-source\zlib-1.2.11\contrib\vstudio\vc14\x64\zlibdllreleasewithoutasm\tmp\zlibvc.tlog\link.read.1.tlog
f:\projects\tks-source\zlib-1.2.11\contrib\vstudio\vc14\x64\zlibdllreleasewithoutasm\tmp\zlibvc.tlog\link.write.1.tlog
f:\projects\tks-source\zlib-1.2.11\contrib\vstudio\vc14\x64\zlibdllreleasewithoutasm\tmp\zlibvc.tlog\rc.command.1.tlog
f:\projects\tks-source\zlib-1.2.11\contrib\vstudio\vc14\x64\zlibdllreleasewithoutasm\tmp\zlibvc.tlog\rc.read.1.tlog
f:\projects\tks-source\zlib-1.2.11\contrib\vstudio\vc14\x64\zlibdllreleasewithoutasm\tmp\zlibvc.tlog\rc.write.1.tlog
f:\projects\tks-source\zlib-1.2.11\contrib\vstudio\vc14\x64\zlibdllreleasewithoutasm\tmp\zlibvc.tlog\zlibvc.write.1u.tlog
