f:\projects\tks-source\zlib-1.2.11\contrib\vstudio\vc14\x86\zlibdllrelease\vc141.pdb
f:\projects\tks-source\zlib-1.2.11\contrib\vstudio\vc14\x86\zlibdllrelease\tmp\uncompr.obj
f:\projects\tks-source\zlib-1.2.11\contrib\vstudio\vc14\x86\zlibdllrelease\tmp\zutil.obj
f:\projects\tks-source\zlib-1.2.11\contrib\vstudio\vc14\x86\zlibdllrelease\tmp\trees.obj
f:\projects\tks-source\zlib-1.2.11\contrib\vstudio\vc14\x86\zlibdllrelease\tmp\iowin32.obj
f:\projects\tks-source\zlib-1.2.11\contrib\vstudio\vc14\x86\zlibdllrelease\tmp\ioapi.obj
f:\projects\tks-source\zlib-1.2.11\contrib\vstudio\vc14\x86\zlibdllrelease\tmp\inftrees.obj
f:\projects\tks-source\zlib-1.2.11\contrib\vstudio\vc14\x86\zlibdllrelease\tmp\inflate.obj
f:\projects\tks-source\zlib-1.2.11\contrib\vstudio\vc14\x86\zlibdllrelease\tmp\inffast.obj
f:\projects\tks-source\zlib-1.2.11\contrib\vstudio\vc14\x86\zlibdllrelease\tmp\infback.obj
f:\projects\tks-source\zlib-1.2.11\contrib\vstudio\vc14\x86\zlibdllrelease\tmp\gzwrite.obj
f:\projects\tks-source\zlib-1.2.11\contrib\vstudio\vc14\x86\zlibdllrelease\tmp\gzread.obj
f:\projects\tks-source\zlib-1.2.11\contrib\vstudio\vc14\x86\zlibdllrelease\tmp\gzlib.obj
f:\projects\tks-source\zlib-1.2.11\contrib\vstudio\vc14\x86\zlibdllrelease\tmp\gzclose.obj
f:\projects\tks-source\zlib-1.2.11\contrib\vstudio\vc14\x86\zlibdllrelease\tmp\deflate.obj
f:\projects\tks-source\zlib-1.2.11\contrib\vstudio\vc14\x86\zlibdllrelease\tmp\crc32.obj
f:\projects\tks-source\zlib-1.2.11\contrib\vstudio\vc14\x86\zlibdllrelease\tmp\compress.obj
f:\projects\tks-source\zlib-1.2.11\contrib\vstudio\vc14\x86\zlibdllrelease\tmp\adler32.obj
f:\projects\tks-source\zlib-1.2.11\contrib\vstudio\vc14\x86\zlibdllrelease\tmp\zip.obj
f:\projects\tks-source\zlib-1.2.11\contrib\vstudio\vc14\x86\zlibdllrelease\tmp\unzip.obj
f:\projects\tks-source\zlib-1.2.11\contrib\vstudio\vc14\x86\zlibdllrelease\zlibwapi.dll
f:\projects\tks-source\zlib-1.2.11\contrib\vstudio\vc14\x86\zlibdllrelease\tmp\adler32.cod
f:\projects\tks-source\zlib-1.2.11\contrib\vstudio\vc14\x86\zlibdllrelease\tmp\compress.cod
f:\projects\tks-source\zlib-1.2.11\contrib\vstudio\vc14\x86\zlibdllrelease\tmp\crc32.cod
f:\projects\tks-source\zlib-1.2.11\contrib\vstudio\vc14\x86\zlibdllrelease\tmp\deflate.cod
f:\projects\tks-source\zlib-1.2.11\contrib\vstudio\vc14\x86\zlibdllrelease\tmp\gzclose.cod
f:\projects\tks-source\zlib-1.2.11\contrib\vstudio\vc14\x86\zlibdllrelease\tmp\gzlib.cod
f:\projects\tks-source\zlib-1.2.11\contrib\vstudio\vc14\x86\zlibdllrelease\tmp\gzread.cod
f:\projects\tks-source\zlib-1.2.11\contrib\vstudio\vc14\x86\zlibdllrelease\tmp\gzwrite.cod
f:\projects\tks-source\zlib-1.2.11\contrib\vstudio\vc14\x86\zlibdllrelease\tmp\infback.cod
f:\projects\tks-source\zlib-1.2.11\contrib\vstudio\vc14\x86\zlibdllrelease\tmp\inffast.cod
f:\projects\tks-source\zlib-1.2.11\contrib\vstudio\vc14\x86\zlibdllrelease\tmp\inflate.cod
f:\projects\tks-source\zlib-1.2.11\contrib\vstudio\vc14\x86\zlibdllrelease\tmp\inftrees.cod
f:\projects\tks-source\zlib-1.2.11\contrib\vstudio\vc14\x86\zlibdllrelease\tmp\ioapi.cod
f:\projects\tks-source\zlib-1.2.11\contrib\vstudio\vc14\x86\zlibdllrelease\tmp\iowin32.cod
f:\projects\tks-source\zlib-1.2.11\contrib\vstudio\vc14\x86\zlibdllrelease\tmp\trees.cod
f:\projects\tks-source\zlib-1.2.11\contrib\vstudio\vc14\x86\zlibdllrelease\tmp\uncompr.cod
f:\projects\tks-source\zlib-1.2.11\contrib\vstudio\vc14\x86\zlibdllrelease\tmp\unzip.cod
f:\projects\tks-source\zlib-1.2.11\contrib\vstudio\vc14\x86\zlibdllrelease\tmp\zip.cod
f:\projects\tks-source\zlib-1.2.11\contrib\vstudio\vc14\x86\zlibdllrelease\tmp\zutil.cod
f:\projects\tks-source\zlib-1.2.11\contrib\vstudio\vc14\x86\zlibdllrelease\zlibwapi.map
f:\projects\tks-source\zlib-1.2.11\contrib\vstudio\vc14\x86\zlibdllrelease\zlibwapi.pdb
f:\projects\tks-source\zlib-1.2.11\contrib\vstudio\vc14\x86\zlibdllrelease\tmp\zlib.res
f:\projects\tks-source\zlib-1.2.11\contrib\vstudio\vc14\x86\zlibdllrelease\zlibwapi.lib
f:\projects\tks-source\zlib-1.2.11\contrib\vstudio\vc14\x86\zlibdllrelease\zlibwapi.exp
f:\projects\tks-source\zlib-1.2.11\contrib\vstudio\vc14\x86\zlibdllrelease\zlibwapi.ipdb
f:\projects\tks-source\zlib-1.2.11\contrib\vstudio\vc14\x86\zlibdllrelease\zlibwapi.iobj
f:\projects\tks-source\zlib-1.2.11\contrib\vstudio\vc14\x86\zlibdllrelease\tmp\zlibvc.tlog\cl.command.1.tlog
f:\projects\tks-source\zlib-1.2.11\contrib\vstudio\vc14\x86\zlibdllrelease\tmp\zlibvc.tlog\cl.read.1.tlog
f:\projects\tks-source\zlib-1.2.11\contrib\vstudio\vc14\x86\zlibdllrelease\tmp\zlibvc.tlog\cl.write.1.tlog
f:\projects\tks-source\zlib-1.2.11\contrib\vstudio\vc14\x86\zlibdllrelease\tmp\zlibvc.tlog\link.command.1.tlog
f:\projects\tks-source\zlib-1.2.11\contrib\vstudio\vc14\x86\zlibdllrelease\tmp\zlibvc.tlog\link.delete.1.tlog
f:\projects\tks-source\zlib-1.2.11\contrib\vstudio\vc14\x86\zlibdllrelease\tmp\zlibvc.tlog\link.read.1.tlog
f:\projects\tks-source\zlib-1.2.11\contrib\vstudio\vc14\x86\zlibdllrelease\tmp\zlibvc.tlog\link.write.1.tlog
f:\projects\tks-source\zlib-1.2.11\contrib\vstudio\vc14\x86\zlibdllrelease\tmp\zlibvc.tlog\rc.command.1.tlog
f:\projects\tks-source\zlib-1.2.11\contrib\vstudio\vc14\x86\zlibdllrelease\tmp\zlibvc.tlog\rc.read.1.tlog
f:\projects\tks-source\zlib-1.2.11\contrib\vstudio\vc14\x86\zlibdllrelease\tmp\zlibvc.tlog\rc.write.1.tlog
f:\projects\tks-source\zlib-1.2.11\contrib\vstudio\vc14\x86\zlibdllrelease\tmp\zlibvc.tlog\zlibvc.write.1u.tlog
