  png.c
  pngerror.c
  pngget.c
  pngmem.c
  pngpread.c
  pngread.c
  pngrio.c
  pngrtran.c
  pngrutil.c
  pngset.c
  pngtrans.c
  pngwio.c
  pngwrite.c
  pngwtran.c
  pngwutil.c
     Creating library F:\Projects\tkopengl\lpng1632\projects\vstudio\Release\libpng16.lib and object F:\Projects\tkopengl\lpng1632\projects\vstudio\Release\libpng16.exp
png.obj : error LNK2001: unresolved external symbol _adler32
png.obj : error LNK2001: unresolved external symbol _inflateReset
png.obj : error LNK2001: unresolved external symbol _crc32
pngread.obj : error LNK2001: unresolved external symbol _inflateEnd
pngrutil.obj : error LNK2001: unresolved external symbol _inflateReset2
pngrutil.obj : error LNK2001: unresolved external symbol _inflateInit2_
pngrutil.obj : error LNK2001: unresolved external symbol _inflateValidate
pngrutil.obj : error LNK2001: unresolved external symbol _inflate
pngwrite.obj : error LNK2001: unresolved external symbol _deflateEnd
pngwutil.obj : error LNK2001: unresolved external symbol _deflateReset
pngwutil.obj : error LNK2001: unresolved external symbol _deflateInit2_
pngwutil.obj : error LNK2001: unresolved external symbol _deflate
F:\Projects\tkopengl\lpng1632\projects\vstudio\Release\libpng16.dll : fatal error LNK1120: 12 unresolved externals
