f:\projects\tks-source\zlib-1.2.11\contrib\vstudio\vc14\x86\zlibstatrelease\zlibstat.pdb
f:\projects\tks-source\zlib-1.2.11\contrib\vstudio\vc14\x86\zlibstatrelease\tmp\uncompr.obj
f:\projects\tks-source\zlib-1.2.11\contrib\vstudio\vc14\x86\zlibstatrelease\tmp\zip.obj
f:\projects\tks-source\zlib-1.2.11\contrib\vstudio\vc14\x86\zlibstatrelease\tmp\unzip.obj
f:\projects\tks-source\zlib-1.2.11\contrib\vstudio\vc14\x86\zlibstatrelease\tmp\ioapi.obj
f:\projects\tks-source\zlib-1.2.11\contrib\vstudio\vc14\x86\zlibstatrelease\tmp\zutil.obj
f:\projects\tks-source\zlib-1.2.11\contrib\vstudio\vc14\x86\zlibstatrelease\tmp\trees.obj
f:\projects\tks-source\zlib-1.2.11\contrib\vstudio\vc14\x86\zlibstatrelease\tmp\inftrees.obj
f:\projects\tks-source\zlib-1.2.11\contrib\vstudio\vc14\x86\zlibstatrelease\tmp\inflate.obj
f:\projects\tks-source\zlib-1.2.11\contrib\vstudio\vc14\x86\zlibstatrelease\tmp\inffast.obj
f:\projects\tks-source\zlib-1.2.11\contrib\vstudio\vc14\x86\zlibstatrelease\tmp\infback.obj
f:\projects\tks-source\zlib-1.2.11\contrib\vstudio\vc14\x86\zlibstatrelease\tmp\gzwrite.obj
f:\projects\tks-source\zlib-1.2.11\contrib\vstudio\vc14\x86\zlibstatrelease\tmp\gzread.obj
f:\projects\tks-source\zlib-1.2.11\contrib\vstudio\vc14\x86\zlibstatrelease\tmp\gzlib.obj
f:\projects\tks-source\zlib-1.2.11\contrib\vstudio\vc14\x86\zlibstatrelease\tmp\gzclose.obj
f:\projects\tks-source\zlib-1.2.11\contrib\vstudio\vc14\x86\zlibstatrelease\tmp\deflate.obj
f:\projects\tks-source\zlib-1.2.11\contrib\vstudio\vc14\x86\zlibstatrelease\tmp\crc32.obj
f:\projects\tks-source\zlib-1.2.11\contrib\vstudio\vc14\x86\zlibstatrelease\tmp\compress.obj
f:\projects\tks-source\zlib-1.2.11\contrib\vstudio\vc14\x86\zlibstatrelease\tmp\adler32.obj
f:\projects\tks-source\zlib-1.2.11\contrib\vstudio\vc14\x86\zlibstatrelease\zlibstat.lib
f:\projects\tks-source\zlib-1.2.11\contrib\vstudio\vc14\x86\zlibstatrelease\tmp\zlib.res
f:\projects\tks-source\zlib-1.2.11\contrib\vstudio\vc14\x86\zlibstatrelease\tmp\zlibstat.tlog\cl.command.1.tlog
f:\projects\tks-source\zlib-1.2.11\contrib\vstudio\vc14\x86\zlibstatrelease\tmp\zlibstat.tlog\cl.read.1.tlog
f:\projects\tks-source\zlib-1.2.11\contrib\vstudio\vc14\x86\zlibstatrelease\tmp\zlibstat.tlog\cl.write.1.tlog
f:\projects\tks-source\zlib-1.2.11\contrib\vstudio\vc14\x86\zlibstatrelease\tmp\zlibstat.tlog\lib-link-cvtres.read.1.tlog
f:\projects\tks-source\zlib-1.2.11\contrib\vstudio\vc14\x86\zlibstatrelease\tmp\zlibstat.tlog\lib-link-cvtres.write.1.tlog
f:\projects\tks-source\zlib-1.2.11\contrib\vstudio\vc14\x86\zlibstatrelease\tmp\zlibstat.tlog\lib.command.1.tlog
f:\projects\tks-source\zlib-1.2.11\contrib\vstudio\vc14\x86\zlibstatrelease\tmp\zlibstat.tlog\rc.command.1.tlog
f:\projects\tks-source\zlib-1.2.11\contrib\vstudio\vc14\x86\zlibstatrelease\tmp\zlibstat.tlog\rc.read.1.tlog
f:\projects\tks-source\zlib-1.2.11\contrib\vstudio\vc14\x86\zlibstatrelease\tmp\zlibstat.tlog\rc.write.1.tlog
